<test-run id="0" runstate="Runnable" testcasecount="13" result="Failed" total="7" passed="6" failed="1" warnings="0" inconclusive="0" skipped="0" asserts="7" engine-version="3.17.0.0" clr-version="8.0.4" start-time="2024-04-14 13:10:06Z" end-time="2024-04-14 13:10:08Z" duration="2.030222">
  <command-line><![CDATA[/home/dbrooks/repos/NUnitTestRunnerPOC/TestRunnerCLI/bin/Debug/net8.0/TestRunnerCLI.dll]]></command-line>
  <test-suite type="Assembly" id="1-1010" name="Component01.dll" fullname="/home/dbrooks/repos/NUnitTestRunnerPOC/Component01/bin/Debug/net8.0/Component01.dll" runstate="Runnable" testcasecount="8" result="Passed" start-time="2024-04-14T13:10:06.8895652Z" end-time="2024-04-14T13:10:06.8971793Z" duration="0.007606" total="4" passed="4" failed="0" warnings="0" inconclusive="0" skipped="0" asserts="4">
    <environment framework-version="4.0.1.0" clr-version="8.0.4" os-version="Ubuntu 22.04.4 LTS" platform="Unix" cwd="/home/dbrooks/repos/NUnitTestRunnerPOC/TestRunnerCLI" machine-name="ASRock-Z690-C-D5" user="dbrooks" user-domain="ASRock-Z690-C-D5" culture="en-CA" uiculture="en-CA" os-architecture="x64" />
    <settings>
      <setting name="NumberOfTestWorkers" value="32" />
    </settings>
    <properties>
      <property name="_PID" value="1316303" />
      <property name="_APPDOMAIN" value="TestRunnerCLI" />
    </properties>
    <test-suite type="TestSuite" id="1-1011" name="Component01" fullname="Component01" runstate="Runnable" testcasecount="8" result="Passed" start-time="2024-04-14T13:10:06.8910399Z" end-time="2024-04-14T13:10:06.8971781Z" duration="0.006138" total="4" passed="4" failed="0" warnings="0" inconclusive="0" skipped="0" asserts="4">
      <test-suite type="TestFixture" id="1-1000" name="Component01Tests01" fullname="Component01.Component01Tests01" classname="Component01.Component01Tests01" runstate="Runnable" testcasecount="4" result="Passed" start-time="2024-04-14T13:10:06.8914926Z" end-time="2024-04-14T13:10:06.8965250Z" duration="0.005032" total="2" passed="2" failed="0" warnings="0" inconclusive="0" skipped="0" asserts="2">
        <properties>
          <property name="Description" value="Component01 Test Class 01" />
          <property name="ComponentTest" value="Component-01-TestSuite-01" />
        </properties>
        <test-case id="1-1002" name="TestMethod2" fullname="Component01.Component01Tests01.TestMethod2" methodname="TestMethod2" classname="Component01.Component01Tests01" runstate="Runnable" seed="456529831" result="Passed" start-time="2024-04-14T13:10:06.8924835Z" end-time="2024-04-14T13:10:06.8955688Z" duration="0.003104" asserts="1">
          <properties>
            <property name="Description" value="Test ID is not known" />
            <property name="Category" value="Sanity" />
            <property name="Category" value="Regression" />
          </properties>
        </test-case>
        <test-case id="1-1004" name="TestMethod4" fullname="Component01.Component01Tests01.TestMethod4" methodname="TestMethod4" classname="Component01.Component01Tests01" runstate="Runnable" seed="1348319153" result="Passed" start-time="2024-04-14T13:10:06.8960129Z" end-time="2024-04-14T13:10:06.8962113Z" duration="0.000198" asserts="1">
          <properties>
            <property name="Category" value="Regression" />
            <property name="Category" value="Sanity" />
          </properties>
        </test-case>
      </test-suite>
      <test-suite type="TestFixture" id="1-1005" name="Component01Tests02" fullname="Component01.Component01Tests02" classname="Component01.Component01Tests02" runstate="Runnable" testcasecount="4" result="Passed" start-time="2024-04-14T13:10:06.8970143Z" end-time="2024-04-14T13:10:06.8971749Z" duration="0.000160" total="2" passed="2" failed="0" warnings="0" inconclusive="0" skipped="0" asserts="2">
        <properties>
          <property name="Description" value="Component01 Test Class 02" />
          <property name="ComponentTest" value="Component-01-TestSuite-02" />
        </properties>
        <test-case id="1-1007" name="TestMethod22" fullname="Component01.Component01Tests02.TestMethod22" methodname="TestMethod22" classname="Component01.Component01Tests02" runstate="Runnable" seed="947919716" result="Passed" start-time="2024-04-14T13:10:06.8970626Z" end-time="2024-04-14T13:10:06.8970963Z" duration="0.000034" asserts="1">
          <properties>
            <property name="Description" value="Test ID is not known" />
            <property name="Category" value="Sanity" />
            <property name="Category" value="Regression" />
          </properties>
        </test-case>
        <test-case id="1-1009" name="TestMethod24" fullname="Component01.Component01Tests02.TestMethod24" methodname="TestMethod24" classname="Component01.Component01Tests02" runstate="Runnable" seed="1425848411" result="Passed" start-time="2024-04-14T13:10:06.8971005Z" end-time="2024-04-14T13:10:06.8971469Z" duration="0.000046" asserts="1">
          <properties>
            <property name="Category" value="Regression" />
            <property name="Category" value="Sanity" />
          </properties>
        </test-case>
      </test-suite>
    </test-suite>
  </test-suite>
  <test-suite type="Assembly" id="2-1019" name="Component02.dll" fullname="/home/dbrooks/repos/NUnitTestRunnerPOC/Component02/bin/Debug/net8.0/Component02.dll" runstate="Runnable" testcasecount="5" result="Failed" site="Child" start-time="2024-04-14T13:10:06.8982172Z" end-time="2024-04-14T13:10:08.9134977Z" duration="2.015280" total="3" passed="2" failed="1" warnings="0" inconclusive="0" skipped="0" asserts="3">
    <environment framework-version="4.0.1.0" clr-version="8.0.4" os-version="Ubuntu 22.04.4 LTS" platform="Unix" cwd="/home/dbrooks/repos/NUnitTestRunnerPOC/TestRunnerCLI" machine-name="ASRock-Z690-C-D5" user="dbrooks" user-domain="ASRock-Z690-C-D5" culture="en-CA" uiculture="en-CA" os-architecture="x64" />
    <settings>
      <setting name="NumberOfTestWorkers" value="32" />
    </settings>
    <properties>
      <property name="_PID" value="1316303" />
      <property name="_APPDOMAIN" value="TestRunnerCLI" />
    </properties>
    <failure>
      <message><![CDATA[One or more child tests had errors]]></message>
    </failure>
    <test-suite type="TestSuite" id="2-1020" name="Component02" fullname="Component02" runstate="Runnable" testcasecount="5" result="Failed" site="Child" start-time="2024-04-14T13:10:06.8982404Z" end-time="2024-04-14T13:10:08.9134954Z" duration="2.015255" total="3" passed="2" failed="1" warnings="0" inconclusive="0" skipped="0" asserts="3">
      <failure>
        <message><![CDATA[One or more child tests had errors]]></message>
      </failure>
      <test-suite type="TestFixture" id="2-1012" name="Component02Tests" fullname="Component02.Component02Tests" classname="Component02.Component02Tests" runstate="Runnable" testcasecount="5" result="Failed" site="Child" start-time="2024-04-14T13:10:06.8982528Z" end-time="2024-04-14T13:10:08.9134917Z" duration="2.015239" total="3" passed="2" failed="1" warnings="0" inconclusive="0" skipped="0" asserts="3">
        <failure>
          <message><![CDATA[One or more child tests had errors]]></message>
        </failure>
        <test-suite type="ParameterizedMethod" id="2-1015" name="TestMethod1" fullname="Component02.Component02Tests.TestMethod1" classname="Component02.Component02Tests" runstate="Runnable" testcasecount="2" result="Failed" site="Child" start-time="2024-04-14T13:10:06.8983044Z" end-time="2024-04-14T13:10:08.9131054Z" duration="2.014801" total="2" passed="1" failed="1" warnings="0" inconclusive="0" skipped="0" asserts="2">
          <properties>
            <property name="Category" value="Sanity" />
            <property name="Category" value="Regression" />
          </properties>
          <failure>
            <message><![CDATA[One or more child tests had errors]]></message>
          </failure>
          <test-case id="2-1013" name="TestMethod1(1,1,2)" fullname="Component02.Component02Tests.TestMethod1(1,1,2)" methodname="TestMethod1" classname="Component02.Component02Tests" runstate="Runnable" seed="1336010712" result="Passed" start-time="2024-04-14T13:10:06.8983109Z" end-time="2024-04-14T13:10:07.8998106Z" duration="1.001500" asserts="1" />
          <test-case id="2-1014" name="TestMethod1(1,2,2)" fullname="Component02.Component02Tests.TestMethod1(1,2,2)" methodname="TestMethod1" classname="Component02.Component02Tests" runstate="Runnable" seed="1211980486" result="Failed" start-time="2024-04-14T13:10:07.8998402Z" end-time="2024-04-14T13:10:08.9130530Z" duration="1.013213" asserts="1">
            <failure>
              <message><![CDATA[  Assert.That(expectedResult, Is.EqualTo(result))
  Expected: 3
  But was:  2
]]></message>
              <stack-trace><![CDATA[   at Component02.Component02Tests.TestMethod1(Int32 a, Int32 b, Int32 expectedResult) in /home/dbrooks/repos/NUnitTestRunnerPOC/Component02/Component02-Tests.cs:line 24
   at NUnit.Framework.Internal.TaskAwaitAdapter.GenericAdapter`1.BlockUntilCompleted()
   at NUnit.Framework.Internal.MessagePumpStrategy.NoMessagePumpStrategy.WaitForCompletion(AwaitAdapter awaiter)
   at NUnit.Framework.Internal.AsyncToSyncAdapter.Await[TResult](Func`1 invoke)
   at NUnit.Framework.Internal.AsyncToSyncAdapter.Await(Func`1 invoke)
   at NUnit.Framework.Internal.Commands.TestMethodCommand.RunTestMethod(TestExecutionContext context)
   at NUnit.Framework.Internal.Commands.TestMethodCommand.Execute(TestExecutionContext context)
   at NUnit.Framework.Internal.Execution.SimpleWorkItem.<>c__DisplayClass3_0.<PerformWork>b__0()
   at NUnit.Framework.Internal.ContextUtils.<>c__DisplayClass1_0`1.<DoIsolated>b__0(Object _)
]]></stack-trace>
            </failure>
            <assertions>
              <assertion result="Failed">
                <message><![CDATA[  Assert.That(expectedResult, Is.EqualTo(result))
  Expected: 3
  But was:  2
]]></message>
                <stack-trace><![CDATA[   at Component02.Component02Tests.TestMethod1(Int32 a, Int32 b, Int32 expectedResult) in /home/dbrooks/repos/NUnitTestRunnerPOC/Component02/Component02-Tests.cs:line 24
]]></stack-trace>
              </assertion>
            </assertions>
          </test-case>
        </test-suite>
        <test-case id="2-1016" name="TestMethod2" fullname="Component02.Component02Tests.TestMethod2" methodname="TestMethod2" classname="Component02.Component02Tests" runstate="Runnable" seed="779844799" result="Passed" start-time="2024-04-14T13:10:08.9131191Z" end-time="2024-04-14T13:10:08.9134772Z" duration="0.000358" asserts="1">
          <properties>
            <property name="Category" value="Sanity" />
          </properties>
        </test-case>
      </test-suite>
    </test-suite>
  </test-suite>
</test-run>